Running per image evaluation...
Evaluate annotation type *bbox*
DONE (t=2.15s).
Accumulating evaluation results...
DONE (t=0.18s).
 Average Precision  (AP) @[ IoU=0.50:0.95 | area=   all | maxDets=100 ] = 0.209
 Average Precision  (AP) @[ IoU=0.50      | area=   all | maxDets=100 ] = 0.567
 Average Precision  (AP) @[ IoU=0.75      | area=   all | maxDets=100 ] = 0.122
 Average Precision  (AP) @[ IoU=0.50:0.95 | area= small | maxDets=100 ] = 0.118
 Average Precision  (AP) @[ IoU=0.50:0.95 | area=medium | maxDets=100 ] = 0.179
 Average Precision  (AP) @[ IoU=0.50:0.95 | area= large | maxDets=100 ] = 0.305
 Average Recall     (AR) @[ IoU=0.50:0.95 | area=   all | maxDets=  1 ] = 0.240
 Average Recall     (AR) @[ IoU=0.50:0.95 | area=   all | maxDets= 10 ] = 0.314
 Average Recall     (AR) @[ IoU=0.50:0.95 | area=   all | maxDets=100 ] = 0.333
 Average Recall     (AR) @[ IoU=0.50:0.95 | area= small | maxDets=100 ] = 0.177
 Average Recall     (AR) @[ IoU=0.50:0.95 | area=medium | maxDets=100 ] = 0.312
 Average Recall     (AR) @[ IoU=0.50:0.95 | area= large | maxDets=100 ] = 0.471
INFO:tensorflow:Finished evaluation at 2020-04-25-13:52:47
I0425 13:52:47.481545 140065980544896 evaluation.py:275] Finished evaluation at 2020-04-25-13:52:47
INFO:tensorflow:Saving dict for global step 50000: DetectionBoxes_Precision/mAP = 0.20935132, DetectionBoxes_Precision/mAP (large) = 0.3047803, DetectionBoxes_Precision/mAP (medium) = 0.1785248, DetectionBoxes_Precision/mAP (small) = 0.1181891, DetectionBoxes_Precision/mAP@.50IOU = 0.5672286, DetectionBoxes_Precision/mAP@.75IOU = 0.121895, DetectionBoxes_Recall/AR@1 = 0.2397482, DetectionBoxes_Recall/AR@10 = 0.31426588, DetectionBoxes_Recall/AR@100 = 0.33307004, DetectionBoxes_Recall/AR@100 (large) = 0.47093302, DetectionBoxes_Recall/AR@100 (medium) = 0.31215227, DetectionBoxes_Recall/AR@100 (small) = 0.17730062, Loss/classification_loss = 5.5647664, Loss/localization_loss = 1.3257915, Loss/regularization_loss = 0.31685907, Loss/total_loss = 7.2074184, global_step = 50000, learning_rate = 0.004, loss = 7.2074184
I0425 13:52:47.481836 140065980544896 estimator.py:2049] Saving dict for global step 50000: DetectionBoxes_Precision/mAP = 0.20935132, DetectionBoxes_Precision/mAP (large) = 0.3047803, DetectionBoxes_Precision/mAP (medium) = 0.1785248, DetectionBoxes_Precision/mAP (small) = 0.1181891, DetectionBoxes_Precision/mAP@.50IOU = 0.5672286, DetectionBoxes_Precision/mAP@.75IOU = 0.121895, DetectionBoxes_Recall/AR@1 = 0.2397482, DetectionBoxes_Recall/AR@10 = 0.31426588, DetectionBoxes_Recall/AR@100 = 0.33307004, DetectionBoxes_Recall/AR@100 (large) = 0.47093302, DetectionBoxes_Recall/AR@100 (medium) = 0.31215227, DetectionBoxes_Recall/AR@100 (small) = 0.17730062, Loss/classification_loss = 5.5647664, Loss/localization_loss = 1.3257915, Loss/regularization_loss = 0.31685907, Loss/total_loss = 7.2074184, global_step = 50000, learning_rate = 0.004, loss = 7.2074184
INFO:tensorflow:Saving 'checkpoint_path' summary for global step 50000: training/model.ckpt-50000
I0425 13:52:47.488516 140065980544896 estimator.py:2109] Saving 'checkpoint_path' summary for global step 50000: training/model.ckpt-50000
INFO:tensorflow:Performing the final export in the end of training.
I0425 13:52:47.489469 140065980544896 exporter.py:410] Performing the final export in the end of training.
WARNING:tensorflow:From /content/hornet-detector-trainer/models/research/object_detection/inputs.py:750: The name tf.placeholder is deprecated. Please use tf.compat.v1.placeholder instead.

W0425 13:52:47.498367 140065980544896 module_wrapper.py:139] From /content/hornet-detector-trainer/models/research/object_detection/inputs.py:750: The name tf.placeholder is deprecated. Please use tf.compat.v1.placeholder instead.

INFO:tensorflow:Calling model_fn.
I0425 13:52:47.693724 140065980544896 estimator.py:1148] Calling model_fn.
INFO:tensorflow:depth of additional conv before box predictor: 0
I0425 13:52:49.734068 140065980544896 convolutional_box_predictor.py:151] depth of additional conv before box predictor: 0
INFO:tensorflow:depth of additional conv before box predictor: 0
I0425 13:52:49.808337 140065980544896 convolutional_box_predictor.py:151] depth of additional conv before box predictor: 0
INFO:tensorflow:depth of additional conv before box predictor: 0
I0425 13:52:49.889661 140065980544896 convolutional_box_predictor.py:151] depth of additional conv before box predictor: 0
INFO:tensorflow:depth of additional conv before box predictor: 0
I0425 13:52:49.980011 140065980544896 convolutional_box_predictor.py:151] depth of additional conv before box predictor: 0
INFO:tensorflow:depth of additional conv before box predictor: 0
I0425 13:52:50.054145 140065980544896 convolutional_box_predictor.py:151] depth of additional conv before box predictor: 0
INFO:tensorflow:depth of additional conv before box predictor: 0
I0425 13:52:50.135879 140065980544896 convolutional_box_predictor.py:151] depth of additional conv before box predictor: 0
WARNING:tensorflow:From /content/hornet-detector-trainer/models/research/object_detection/model_lib.py:426: The name tf.saved_model.signature_constants.PREDICT_METHOD_NAME is deprecated. Please use tf.saved_model.PREDICT_METHOD_NAME instead.

W0425 13:52:50.585165 140065980544896 module_wrapper.py:139] From /content/hornet-detector-trainer/models/research/object_detection/model_lib.py:426: The name tf.saved_model.signature_constants.PREDICT_METHOD_NAME is deprecated. Please use tf.saved_model.PREDICT_METHOD_NAME instead.

INFO:tensorflow:Done calling model_fn.
I0425 13:52:50.871829 140065980544896 estimator.py:1150] Done calling model_fn.
WARNING:tensorflow:From /tensorflow-1.15.2/python3.6/tensorflow_core/python/saved_model/signature_def_utils_impl.py:201: build_tensor_info (from tensorflow.python.saved_model.utils_impl) is deprecated and will be removed in a future version.
Instructions for updating:
This function will only be available through the v1 compatibility library as tf.compat.v1.saved_model.utils.build_tensor_info or tf.compat.v1.saved_model.build_tensor_info.
W0425 13:52:50.872109 140065980544896 deprecation.py:323] From /tensorflow-1.15.2/python3.6/tensorflow_core/python/saved_model/signature_def_utils_impl.py:201: build_tensor_info (from tensorflow.python.saved_model.utils_impl) is deprecated and will be removed in a future version.
Instructions for updating:
This function will only be available through the v1 compatibility library as tf.compat.v1.saved_model.utils.build_tensor_info or tf.compat.v1.saved_model.build_tensor_info.
INFO:tensorflow:Signatures INCLUDED in export for Classify: None
I0425 13:52:50.872705 140065980544896 export_utils.py:170] Signatures INCLUDED in export for Classify: None
INFO:tensorflow:Signatures INCLUDED in export for Regress: None
I0425 13:52:50.872833 140065980544896 export_utils.py:170] Signatures INCLUDED in export for Regress: None
INFO:tensorflow:Signatures INCLUDED in export for Predict: ['tensorflow/serving/predict', 'serving_default']
I0425 13:52:50.872912 140065980544896 export_utils.py:170] Signatures INCLUDED in export for Predict: ['tensorflow/serving/predict', 'serving_default']
INFO:tensorflow:Signatures INCLUDED in export for Train: None
I0425 13:52:50.872995 140065980544896 export_utils.py:170] Signatures INCLUDED in export for Train: None
INFO:tensorflow:Signatures INCLUDED in export for Eval: None
I0425 13:52:50.873061 140065980544896 export_utils.py:170] Signatures INCLUDED in export for Eval: None
2020-04-25 13:52:50.873552: I tensorflow/stream_executor/cuda/cuda_gpu_executor.cc:983] successful NUMA node read from SysFS had negative value (-1), but there must be at least one NUMA node, so returning NUMA node zero
2020-04-25 13:52:50.874025: I tensorflow/core/common_runtime/gpu/gpu_device.cc:1639] Found device 0 with properties: 
name: Tesla T4 major: 7 minor: 5 memoryClockRate(GHz): 1.59
pciBusID: 0000:00:04.0
2020-04-25 13:52:50.874126: I tensorflow/stream_executor/platform/default/dso_loader.cc:44] Successfully opened dynamic library libcudart.so.10.1
2020-04-25 13:52:50.874153: I tensorflow/stream_executor/platform/default/dso_loader.cc:44] Successfully opened dynamic library libcublas.so.10
2020-04-25 13:52:50.874180: I tensorflow/stream_executor/platform/default/dso_loader.cc:44] Successfully opened dynamic library libcufft.so.10
2020-04-25 13:52:50.874203: I tensorflow/stream_executor/platform/default/dso_loader.cc:44] Successfully opened dynamic library libcurand.so.10
2020-04-25 13:52:50.874235: I tensorflow/stream_executor/platform/default/dso_loader.cc:44] Successfully opened dynamic library libcusolver.so.10
2020-04-25 13:52:50.874258: I tensorflow/stream_executor/platform/default/dso_loader.cc:44] Successfully opened dynamic library libcusparse.so.10
2020-04-25 13:52:50.874282: I tensorflow/stream_executor/platform/default/dso_loader.cc:44] Successfully opened dynamic library libcudnn.so.7
2020-04-25 13:52:50.874386: I tensorflow/stream_executor/cuda/cuda_gpu_executor.cc:983] successful NUMA node read from SysFS had negative value (-1), but there must be at least one NUMA node, so returning NUMA node zero
2020-04-25 13:52:50.874790: I tensorflow/stream_executor/cuda/cuda_gpu_executor.cc:983] successful NUMA node read from SysFS had negative value (-1), but there must be at least one NUMA node, so returning NUMA node zero
2020-04-25 13:52:50.875125: I tensorflow/core/common_runtime/gpu/gpu_device.cc:1767] Adding visible gpu devices: 0
2020-04-25 13:52:50.875166: I tensorflow/core/common_runtime/gpu/gpu_device.cc:1180] Device interconnect StreamExecutor with strength 1 edge matrix:
2020-04-25 13:52:50.875179: I tensorflow/core/common_runtime/gpu/gpu_device.cc:1186]      0 
2020-04-25 13:52:50.875190: I tensorflow/core/common_runtime/gpu/gpu_device.cc:1199] 0:   N 
2020-04-25 13:52:50.875280: I tensorflow/stream_executor/cuda/cuda_gpu_executor.cc:983] successful NUMA node read from SysFS had negative value (-1), but there must be at least one NUMA node, so returning NUMA node zero
2020-04-25 13:52:50.875651: I tensorflow/stream_executor/cuda/cuda_gpu_executor.cc:983] successful NUMA node read from SysFS had negative value (-1), but there must be at least one NUMA node, so returning NUMA node zero
2020-04-25 13:52:50.876004: I tensorflow/core/common_runtime/gpu/gpu_device.cc:1325] Created TensorFlow device (/job:localhost/replica:0/task:0/device:GPU:0 with 14221 MB memory) -> physical GPU (device: 0, name: Tesla T4, pci bus id: 0000:00:04.0, compute capability: 7.5)
INFO:tensorflow:Restoring parameters from training/model.ckpt-50000
I0425 13:52:50.879740 140065980544896 saver.py:1284] Restoring parameters from training/model.ckpt-50000
INFO:tensorflow:Assets added to graph.
I0425 13:52:51.425219 140065980544896 builder_impl.py:665] Assets added to graph.
INFO:tensorflow:No assets to write.
I0425 13:52:51.425422 140065980544896 builder_impl.py:460] No assets to write.
INFO:tensorflow:SavedModel written to: training/export/Servo/temp-b'1587822767'/saved_model.pb
I0425 13:52:52.280947 140065980544896 builder_impl.py:425] SavedModel written to: training/export/Servo/temp-b'1587822767'/saved_model.pb
INFO:tensorflow:Loss for final step: 1.2669135.
I0425 13:52:52.771586 140065980544896 estimator.py:371] Loss for final step: 1.2669135.
